#-----------------------------------------------------------
# Vivado v2019.2 (64-bit)
# SW Build 2708876 on Wed Nov  6 21:40:23 MST 2019
# IP Build 2700528 on Thu Nov  7 00:09:20 MST 2019
# Start of session at: Sun Jul  4 12:37:46 2021
# Process ID: 7688
# Current directory: C:/Users/Hamit/Desktop/LAB_8
# Command line: vivado.exe -gui_launcher_event rodinguilauncherevent2752 C:\Users\Hamit\Desktop\LAB_8\LAB_8.xpr
# Log file: C:/Users/Hamit/Desktop/LAB_8/vivado.log
# Journal file: C:/Users/Hamit/Desktop/LAB_8\vivado.jou
#-----------------------------------------------------------
start_gui
open_project C:/Users/Hamit/Desktop/LAB_8/LAB_8.xpr
CRITICAL WARNING: [Project 1-19] Could not find the file 'C:/Users/Hamit/Desktop/LAB_8/LAB_8.srcs/sources_1/new/instruction.sv'.
CRITICAL WARNING: [Project 1-19] Could not find the file 'C:/Users/Hamit/Desktop/LAB_8/LAB_8.srcs/sources_1/new/memory.sv'.
CRITICAL WARNING: [Project 1-19] Could not find the file 'C:/Users/Hamit/Desktop/LAB_8/LAB_8.srcs/sources_1/new/ALU.sv'.
CRITICAL WARNING: [Project 1-19] Could not find the file 'C:/Users/Hamit/Desktop/LAB_8/LAB_8.srcs/sources_1/new/Nbitfulladder.sv'.
CRITICAL WARNING: [Project 1-19] Could not find the file 'C:/Users/Hamit/Desktop/LAB_8/LAB_8.srcs/sources_1/new/mux2.sv'.
CRITICAL WARNING: [Project 1-19] Could not find the file 'C:/Users/Hamit/Desktop/LAB_8/LAB_8.srcs/sources_1/new/mux4.sv'.
CRITICAL WARNING: [Project 1-19] Could not find the file 'C:/Users/Hamit/Desktop/LAB_8/LAB_8.srcs/sources_1/new/registerfile.sv'.
Scanning sources...
Finished scanning sources
INFO: [IP_Flow 19-234] Refreshing IP repositories
INFO: [IP_Flow 19-1704] No user IP repositories specified
INFO: [IP_Flow 19-2313] Loaded Vivado IP repository 'D:/Vivado/2019.2/data/ip'.
open_project: Time (s): cpu = 00:00:18 ; elapsed = 00:00:06 . Memory (MB): peak = 746.273 ; gain = 122.227
update_compile_order -fileset sources_1
exit
INFO: [Common 17-206] Exiting Vivado at Sun Jul  4 12:38:22 2021...
