#-----------------------------------------------------------
# Vivado v2019.2 (64-bit)
# SW Build 2708876 on Wed Nov  6 21:40:23 MST 2019
# IP Build 2700528 on Thu Nov  7 00:09:20 MST 2019
# Start of session at: Wed Jul  7 15:36:36 2021
# Process ID: 14820
# Current directory: C:/Users/Hamit/Desktop/DCD_Final
# Command line: vivado.exe -gui_launcher_event rodinguilauncherevent14608 C:\Users\Hamit\Desktop\DCD_Final\DCD_Final.xpr
# Log file: C:/Users/Hamit/Desktop/DCD_Final/vivado.log
# Journal file: C:/Users/Hamit/Desktop/DCD_Final\vivado.jou
#-----------------------------------------------------------
start_gui
open_project C:/Users/Hamit/Desktop/DCD_Final/DCD_Final.xpr
Scanning sources...
Finished scanning sources
INFO: [IP_Flow 19-234] Refreshing IP repositories
INFO: [IP_Flow 19-1704] No user IP repositories specified
INFO: [IP_Flow 19-2313] Loaded Vivado IP repository 'D:/Vivado/2019.2/data/ip'.
open_project: Time (s): cpu = 00:00:18 ; elapsed = 00:00:07 . Memory (MB): peak = 661.777 ; gain = 34.020
update_compile_order -fileset sources_1
exit
INFO: [Common 17-206] Exiting Vivado at Wed Jul  7 15:39:33 2021...
