#-----------------------------------------------------------
# Vivado v2019.2 (64-bit)
# SW Build 2708876 on Wed Nov  6 21:40:23 MST 2019
# IP Build 2700528 on Thu Nov  7 00:09:20 MST 2019
# Start of session at: Mon Jul  5 10:57:07 2021
# Process ID: 14548
# Current directory: C:/Users/Hamit/Desktop/dcd_final_proje
# Command line: vivado.exe -gui_launcher_event rodinguilauncherevent12076 C:\Users\Hamit\Desktop\dcd_final_proje\LAB_8.xpr
# Log file: C:/Users/Hamit/Desktop/dcd_final_proje/vivado.log
# Journal file: C:/Users/Hamit/Desktop/dcd_final_proje\vivado.jou
#-----------------------------------------------------------
start_gui
open_project C:/Users/Hamit/Desktop/dcd_final_proje/LAB_8.xpr
INFO: [Project 1-313] Project file moved from 'C:/Users/Hamit/Desktop/LAB_8' since last save.
Scanning sources...
Finished scanning sources
INFO: [IP_Flow 19-234] Refreshing IP repositories
INFO: [IP_Flow 19-1704] No user IP repositories specified
INFO: [IP_Flow 19-2313] Loaded Vivado IP repository 'D:/Vivado/2019.2/data/ip'.
open_project: Time (s): cpu = 00:00:18 ; elapsed = 00:00:13 . Memory (MB): peak = 672.312 ; gain = 51.586
update_compile_order -fileset sources_1
exit
INFO: [Common 17-206] Exiting Vivado at Mon Jul  5 11:11:47 2021...
