#-----------------------------------------------------------
# Vivado v2019.2 (64-bit)
# SW Build 2708876 on Wed Nov  6 21:40:23 MST 2019
# IP Build 2700528 on Thu Nov  7 00:09:20 MST 2019
# Start of session at: Thu Jul  8 23:25:02 2021
# Process ID: 14880
# Current directory: C:/Users/simge/OneDrive/Masaüstü/DCD_Final
# Command line: vivado.exe -gui_launcher_event rodinguilauncherevent4372 C:\Users\simge\OneDrive\Masaüstü\DCD_Final\DCD_Final.xpr
# Log file: C:/Users/simge/OneDrive/Masaüstü/DCD_Final/vivado.log
# Journal file: C:/Users/simge/OneDrive/Masaüstü/DCD_Final\vivado.jou
#-----------------------------------------------------------
start_gui
open_project C:/Users/simge/OneDrive/Masaüstü/DCD_Final/DCD_Final.xpr
Scanning sources...
Finished scanning sources
INFO: [IP_Flow 19-234] Refreshing IP repositories
INFO: [IP_Flow 19-1704] No user IP repositories specified
INFO: [IP_Flow 19-2313] Loaded Vivado IP repository 'C:/Xilinx/Vivado/2019.2/data/ip'.
open_project: Time (s): cpu = 00:00:17 ; elapsed = 00:00:06 . Memory (MB): peak = 735.582 ; gain = 92.199
update_compile_order -fileset sources_1
exit
INFO: [Common 17-206] Exiting Vivado at Thu Jul  8 23:25:58 2021...
